Copyright 1986-2019 Xilinx, Inc. All Rights Reserved.
----------------------------------------------------------------------------------------------
| Tool Version : Vivado v.2019.1 (lin64) Build 2552052 Fri May 24 14:47:09 MDT 2019
| Date         : Thu Feb 27 18:09:36 2020
| Host         : shillen-Inspiron-5547 running 64-bit Ubuntu 18.04.3 LTS
| Command      : report_timing_summary -warn_on_violation -file post_route_timing_summary.rpt
| Design       : z1top
| Device       : 7z020-clg400
| Speed File   : -3  PRODUCTION 1.11 2014-09-11
----------------------------------------------------------------------------------------------

Timing Summary Report

------------------------------------------------------------------------------------------------
| Timer Settings
| --------------
------------------------------------------------------------------------------------------------

  Enable Multi Corner Analysis               :  Yes
  Enable Pessimism Removal                   :  Yes
  Pessimism Removal Resolution               :  Nearest Common Node
  Enable Input Delay Default Clock           :  No
  Enable Preset / Clear Arcs                 :  No
  Disable Flight Delays                      :  No
  Ignore I/O Paths                           :  No
  Timing Early Launch at Borrowing Latches   :  No
  Borrow Time for Max Delay Exceptions       :  Yes

  Corner  Analyze    Analyze    
  Name    Max Paths  Min Paths  
  ------  ---------  ---------  
  Slow    Yes        Yes        
  Fast    Yes        Yes        



check_timing report

Table of Contents
-----------------
1. checking no_clock
2. checking constant_clock
3. checking pulse_width_clock
4. checking unconstrained_internal_endpoints
5. checking no_input_delay
6. checking no_output_delay
7. checking multiple_clock
8. checking generated_clocks
9. checking loops
10. checking partial_input_delay
11. checking partial_output_delay
12. checking latch_loops

1. checking no_clock
--------------------
 There are 0 register/latch pins with no clock.


2. checking constant_clock
--------------------------
 There are 0 register/latch pins with constant_clock.


3. checking pulse_width_clock
-----------------------------
 There are 0 register/latch pins which need pulse_width check


4. checking unconstrained_internal_endpoints
--------------------------------------------
 There are 0 pins that are not constrained for maximum delay.

 There are 0 pins that are not constrained for maximum delay due to constant clock.


5. checking no_input_delay
--------------------------
 There are 5 input ports with no input delay specified. (HIGH)

 There are 0 input ports with no input delay but user has a false path constraint.


6. checking no_output_delay
---------------------------
 There are 5 ports with no output delay specified. (HIGH)

 There are 0 ports with no output delay but user has a false path constraint

 There are 0 ports with no output delay but with a timing clock defined on it or propagating through it


7. checking multiple_clock
--------------------------
 There are 0 register/latch pins with multiple clocks.


8. checking generated_clocks
----------------------------
 There are 0 generated clocks that are not connected to a clock source.


9. checking loops
-----------------
 There are 0 combinational loops in the design.


10. checking partial_input_delay
--------------------------------
 There are 0 input ports with partial input delay specified.


11. checking partial_output_delay
---------------------------------
 There are 0 ports with partial output delay specified.


12. checking latch_loops
------------------------
 There are 0 combinational latch loops in the design through latch input



------------------------------------------------------------------------------------------------
| Design Timing Summary
| ---------------------
------------------------------------------------------------------------------------------------

    WNS(ns)      TNS(ns)  TNS Failing Endpoints  TNS Total Endpoints      WHS(ns)      THS(ns)  THS Failing Endpoints  THS Total Endpoints     WPWS(ns)     TPWS(ns)  TPWS Failing Endpoints  TPWS Total Endpoints  
    -------      -------  ---------------------  -------------------      -------      -------  ---------------------  -------------------     --------     --------  ----------------------  --------------------  
      2.017        0.000                      0                  363        0.131        0.000                      0                  363        3.500        0.000                       0                   159  


All user specified timing constraints are met.


------------------------------------------------------------------------------------------------
| Clock Summary
| -------------
------------------------------------------------------------------------------------------------

Clock  Waveform(ns)         Period(ns)      Frequency(MHz)
-----  ------------         ----------      --------------
clk    {0.000 4.000}        8.000           125.000         


------------------------------------------------------------------------------------------------
| Intra Clock Table
| -----------------
------------------------------------------------------------------------------------------------

Clock             WNS(ns)      TNS(ns)  TNS Failing Endpoints  TNS Total Endpoints      WHS(ns)      THS(ns)  THS Failing Endpoints  THS Total Endpoints     WPWS(ns)     TPWS(ns)  TPWS Failing Endpoints  TPWS Total Endpoints  
-----             -------      -------  ---------------------  -------------------      -------      -------  ---------------------  -------------------     --------     --------  ----------------------  --------------------  
clk                 2.017        0.000                      0                  363        0.131        0.000                      0                  363        3.500        0.000                       0                   159  


------------------------------------------------------------------------------------------------
| Inter Clock Table
| -----------------
------------------------------------------------------------------------------------------------

From Clock    To Clock          WNS(ns)      TNS(ns)  TNS Failing Endpoints  TNS Total Endpoints      WHS(ns)      THS(ns)  THS Failing Endpoints  THS Total Endpoints  
----------    --------          -------      -------  ---------------------  -------------------      -------      -------  ---------------------  -------------------  


------------------------------------------------------------------------------------------------
| Other Path Groups Table
| -----------------------
------------------------------------------------------------------------------------------------

Path Group    From Clock    To Clock          WNS(ns)      TNS(ns)  TNS Failing Endpoints  TNS Total Endpoints      WHS(ns)      THS(ns)  THS Failing Endpoints  THS Total Endpoints  
----------    ----------    --------          -------      -------  ---------------------  -------------------      -------      -------  ---------------------  -------------------  


------------------------------------------------------------------------------------------------
| Timing Details
| --------------
------------------------------------------------------------------------------------------------


---------------------------------------------------------------------------------------------------
From Clock:  clk
  To Clock:  clk

Setup :            0  Failing Endpoints,  Worst Slack        2.017ns,  Total Violation        0.000ns
Hold  :            0  Failing Endpoints,  Worst Slack        0.131ns,  Total Violation        0.000ns
PW    :            0  Failing Endpoints,  Worst Slack        3.500ns,  Total Violation        0.000ns
---------------------------------------------------------------------------------------------------


Max Delay Paths
--------------------------------------------------------------------------------------
Slack (MET) :             2.017ns  (required time - arrival time)
  Source:                 streamer/address_reg_rep[8]/C
                            (rising edge-triggered cell FDRE clocked by clk  {rise@0.000ns fall@4.000ns period=8.000ns})
  Destination:            tg/counter_reg[0]/R
                            (rising edge-triggered cell FDRE clocked by clk  {rise@0.000ns fall@4.000ns period=8.000ns})
  Path Group:             clk
  Path Type:              Setup (Max at Slow Process Corner)
  Requirement:            8.000ns  (clk rise@8.000ns - clk rise@0.000ns)
  Data Path Delay:        5.633ns  (logic 1.734ns (30.781%)  route 3.899ns (69.219%))
  Logic Levels:           8  (CARRY4=2 LUT2=1 LUT4=1 LUT5=2 LUT6=2)
  Clock Path Skew:        0.000ns (DCD - SCD + CPR)
    Destination Clock Delay (DCD):    4.327ns = ( 12.327 - 8.000 ) 
    Source Clock Delay      (SCD):    4.665ns
    Clock Pessimism Removal (CPR):    0.338ns
  Clock Uncertainty:      0.035ns  ((TSJ^2 + TIJ^2)^1/2 + DJ) / 2 + PE
    Total System Jitter     (TSJ):    0.071ns
    Total Input Jitter      (TIJ):    0.000ns
    Discrete Jitter          (DJ):    0.000ns
    Phase Error              (PE):    0.000ns

    Location             Delay type                Incr(ns)  Path(ns)    Netlist Resource(s)
  -------------------------------------------------------------------    -------------------
                         (clock clk rise edge)        0.000     0.000 r  
    H16                                               0.000     0.000 r  CLK_125MHZ_FPGA (IN)
                         net (fo=0)                   0.000     0.000    CLK_125MHZ_FPGA
    H16                  IBUF (Prop_ibuf_I_O)         1.299     1.299 r  CLK_125MHZ_FPGA_IBUF_inst/O
                         net (fo=1, routed)           1.930     3.229    CLK_125MHZ_FPGA_IBUF
    BUFGCTRL_X0Y16       BUFG (Prop_bufg_I_O)         0.079     3.308 r  CLK_125MHZ_FPGA_IBUF_BUFG_inst/O
                         net (fo=158, routed)         1.357     4.665    streamer/CLK
    SLICE_X104Y90        FDRE                                         r  streamer/address_reg_rep[8]/C
  -------------------------------------------------------------------    -------------------
    SLICE_X104Y90        FDRE (Prop_fdre_C_Q)         0.361     5.026 f  streamer/address_reg_rep[8]/Q
                         net (fo=56, routed)          0.946     5.972    streamer/memory/Q[8]
    SLICE_X102Y96        LUT5 (Prop_lut5_I3_O)        0.205     6.177 r  streamer/memory/counter0_carry_i_40/O
                         net (fo=4, routed)           0.625     6.802    streamer/memory/counter0_carry_i_40_n_0
    SLICE_X102Y95        LUT6 (Prop_lut6_I1_O)        0.234     7.036 r  streamer/memory/counter0_carry_i_17/O
                         net (fo=3, routed)           0.463     7.498    streamer/memory/address_reg_rep[3]
    SLICE_X103Y94        LUT5 (Prop_lut5_I4_O)        0.111     7.609 r  streamer/memory/counter0_carry__0_i_21/O
                         net (fo=1, routed)           0.096     7.705    streamer/memory_n_29
    SLICE_X103Y94        LUT6 (Prop_lut6_I2_O)        0.239     7.944 r  streamer/counter0_carry__0_i_12/O
                         net (fo=4, routed)           0.706     8.650    streamer/address_reg_rep[6]_4
    SLICE_X106Y95        LUT4 (Prop_lut4_I0_O)        0.097     8.747 r  streamer/counter0_carry__0_i_6/O
                         net (fo=1, routed)           0.000     8.747    tg/counter0_carry__1_0[0]
    SLICE_X106Y95        CARRY4 (Prop_carry4_S[2]_CO[3])
                                                      0.301     9.048 r  tg/counter0_carry__0/CO[3]
                         net (fo=1, routed)           0.000     9.048    tg/counter0_carry__0_n_0
    SLICE_X106Y96        CARRY4 (Prop_carry4_CI_CO[3])
                                                      0.089     9.137 r  tg/counter0_carry__1/CO[3]
                         net (fo=1, routed)           0.440     9.576    tg/counter0_carry__1_n_0
    SLICE_X106Y97        LUT2 (Prop_lut2_I0_O)        0.097     9.673 r  tg/counter[0]_i_1/O
                         net (fo=24, routed)          0.625    10.298    tg/counter[0]_i_1_n_0
    SLICE_X107Y93        FDRE                                         r  tg/counter_reg[0]/R
  -------------------------------------------------------------------    -------------------

                         (clock clk rise edge)        8.000     8.000 r  
    H16                                               0.000     8.000 r  CLK_125MHZ_FPGA (IN)
                         net (fo=0)                   0.000     8.000    CLK_125MHZ_FPGA
    H16                  IBUF (Prop_ibuf_I_O)         1.232     9.232 r  CLK_125MHZ_FPGA_IBUF_inst/O
                         net (fo=1, routed)           1.751    10.983    CLK_125MHZ_FPGA_IBUF
    BUFGCTRL_X0Y16       BUFG (Prop_bufg_I_O)         0.072    11.055 r  CLK_125MHZ_FPGA_IBUF_BUFG_inst/O
                         net (fo=158, routed)         1.272    12.327    tg/CLK
    SLICE_X107Y93        FDRE                                         r  tg/counter_reg[0]/C
                         clock pessimism              0.338    12.665    
                         clock uncertainty           -0.035    12.629    
    SLICE_X107Y93        FDRE (Setup_fdre_C_R)       -0.314    12.315    tg/counter_reg[0]
  -------------------------------------------------------------------
                         required time                         12.315    
                         arrival time                         -10.298    
  -------------------------------------------------------------------
                         slack                                  2.017    





Min Delay Paths
--------------------------------------------------------------------------------------
Slack (MET) :             0.131ns  (arrival time - required time)
  Source:                 bp/button_debouncer/SATURATE_COUNTER[0].switchOut_reg[0]/C
                            (rising edge-triggered cell FDRE clocked by clk  {rise@0.000ns fall@4.000ns period=8.000ns})
  Destination:            bp/button_edge_detector/prev_reg[0]/D
                            (rising edge-triggered cell FDRE clocked by clk  {rise@0.000ns fall@4.000ns period=8.000ns})
  Path Group:             clk
  Path Type:              Hold (Min at Fast Process Corner)
  Requirement:            0.000ns  (clk rise@0.000ns - clk rise@0.000ns)
  Data Path Delay:        0.206ns  (logic 0.141ns (68.492%)  route 0.065ns (31.508%))
  Logic Levels:           0  
  Clock Path Skew:        0.000ns (DCD - SCD - CPR)
    Destination Clock Delay (DCD):    2.212ns
    Source Clock Delay      (SCD):    1.688ns
    Clock Pessimism Removal (CPR):    0.524ns

    Location             Delay type                Incr(ns)  Path(ns)    Netlist Resource(s)
  -------------------------------------------------------------------    -------------------
                         (clock clk rise edge)        0.000     0.000 r  
    H16                                               0.000     0.000 r  CLK_125MHZ_FPGA (IN)
                         net (fo=0)                   0.000     0.000    CLK_125MHZ_FPGA
    H16                  IBUF (Prop_ibuf_I_O)         0.219     0.219 r  CLK_125MHZ_FPGA_IBUF_inst/O
                         net (fo=1, routed)           0.842     1.060    CLK_125MHZ_FPGA_IBUF
    BUFGCTRL_X0Y16       BUFG (Prop_bufg_I_O)         0.026     1.086 r  CLK_125MHZ_FPGA_IBUF_BUFG_inst/O
                         net (fo=158, routed)         0.602     1.688    bp/button_debouncer/CLK_125MHZ_FPGA_IBUF_BUFG
    SLICE_X103Y82        FDRE                                         r  bp/button_debouncer/SATURATE_COUNTER[0].switchOut_reg[0]/C
  -------------------------------------------------------------------    -------------------
    SLICE_X103Y82        FDRE (Prop_fdre_C_Q)         0.141     1.829 r  bp/button_debouncer/SATURATE_COUNTER[0].switchOut_reg[0]/Q
                         net (fo=3, routed)           0.065     1.894    bp/button_edge_detector/D[0]
    SLICE_X103Y82        FDRE                                         r  bp/button_edge_detector/prev_reg[0]/D
  -------------------------------------------------------------------    -------------------

                         (clock clk rise edge)        0.000     0.000 r  
    H16                                               0.000     0.000 r  CLK_125MHZ_FPGA (IN)
                         net (fo=0)                   0.000     0.000    CLK_125MHZ_FPGA
    H16                  IBUF (Prop_ibuf_I_O)         0.406     0.406 r  CLK_125MHZ_FPGA_IBUF_inst/O
                         net (fo=1, routed)           0.907     1.313    CLK_125MHZ_FPGA_IBUF
    BUFGCTRL_X0Y16       BUFG (Prop_bufg_I_O)         0.029     1.342 r  CLK_125MHZ_FPGA_IBUF_BUFG_inst/O
                         net (fo=158, routed)         0.870     2.212    bp/button_edge_detector/CLK_125MHZ_FPGA_IBUF_BUFG
    SLICE_X103Y82        FDRE                                         r  bp/button_edge_detector/prev_reg[0]/C
                         clock pessimism             -0.524     1.688    
    SLICE_X103Y82        FDRE (Hold_fdre_C_D)         0.075     1.763    bp/button_edge_detector/prev_reg[0]
  -------------------------------------------------------------------
                         required time                         -1.763    
                         arrival time                           1.894    
  -------------------------------------------------------------------
                         slack                                  0.131    





Pulse Width Checks
--------------------------------------------------------------------------------------
Clock Name:         clk
Waveform(ns):       { 0.000 4.000 }
Period(ns):         8.000
Sources:            { CLK_125MHZ_FPGA }

Check Type        Corner  Lib Pin  Reference Pin  Required(ns)  Actual(ns)  Slack(ns)  Location        Pin
Min Period        n/a     BUFG/I   n/a            1.592         8.000       6.408      BUFGCTRL_X0Y16  CLK_125MHZ_FPGA_IBUF_BUFG_inst/I
Low Pulse Width   Fast    FDRE/C   n/a            0.500         4.000       3.500      SLICE_X104Y83   bp/button_debouncer/sample_counter_reg[10]/C
High Pulse Width  Slow    FDRE/C   n/a            0.500         4.000       3.500      SLICE_X102Y82   bp/button_debouncer/SATURATE_COUNTER[0].s_counters_reg[0][0]/C



